2020-07-18 00:47:26.1254 ERROR System.ArgumentNullException: String reference not set to an instance of a String.
Parameter name: s
   at System.Text.Encoding.GetBytes(String s)
   at System.Security.Cryptography.Rfc2898DeriveBytes..ctor(String password, Byte[] salt, Int32 iterations)
   at DataAccess.UserLogin.IsValidUser(Login login) in C:\Users\User\source\repos\SchoolManagementApp\DataAccess\UserLogin.cs:line 35
2020-07-18 00:50:27.2455 ERROR System.ArgumentNullException: String reference not set to an instance of a String.
Parameter name: s
   at System.Text.Encoding.GetBytes(String s)
   at System.Security.Cryptography.Rfc2898DeriveBytes..ctor(String password, Byte[] salt, Int32 iterations)
   at DataAccess.UserLogin.IsValidUser(Login login) in C:\Users\User\source\repos\SchoolManagementApp\DataAccess\UserLogin.cs:line 35
2020-07-18 13:45:36.9989 ERROR System.NullReferenceException: Object reference not set to an instance of an object.
   at DataAccess.CreateStudentCourses.GetStudentCourses() in C:\Users\User\source\repos\SchoolManagementApp\DataAccess\CreateStudentCourses.cs:line 57
2020-07-18 14:32:36.9942 ERROR System.NullReferenceException: Object reference not set to an instance of an object.
   at DataAccess.CreateStudentCourses.GetStudentCourses() in C:\Users\User\source\repos\SchoolManagementApp\DataAccess\CreateStudentCourses.cs:line 85
2020-07-18 14:34:21.6872 ERROR System.NullReferenceException: Object reference not set to an instance of an object.
   at DataAccess.CreateStudentCourses.GetStudentCourses() in C:\Users\User\source\repos\SchoolManagementApp\DataAccess\CreateStudentCourses.cs:line 85
2020-07-18 17:17:56.3319 ERROR System.NullReferenceException: Object reference not set to an instance of an object.
   at DataAccess.CreateStudentCourses.AddCourseToStudent(String courses) in C:\Users\User\source\repos\SchoolManagementApp\DataAccess\CreateStudentCourses.cs:line 44
2020-07-18 17:18:03.2240 ERROR System.NullReferenceException: Object reference not set to an instance of an object.
   at DataAccess.CreateStudentCourses.AddCourseToStudent(String courses) in C:\Users\User\source\repos\SchoolManagementApp\DataAccess\CreateStudentCourses.cs:line 39
2020-07-18 17:27:11.2094 ERROR System.InvalidOperationException: The property 'CourseId' is part of the object's key information and cannot be modified. 
   at System.Data.Entity.Core.Objects.EntityEntry.DetectChangesInProperty(Int32 ordinal, Boolean detectOnlyComplexProperties, Boolean detectOnly)
   at System.Data.Entity.Core.Objects.EntityEntry.DetectChangesInProperties(Boolean detectOnlyComplexProperties)
   at System.Data.Entity.Core.Objects.ObjectStateManager.DetectChangesInScalarAndComplexProperties(IList`1 entries)
   at System.Data.Entity.Core.Objects.ObjectStateManager.DetectChanges()
   at System.Data.Entity.Core.Objects.ObjectContext.DetectChanges()
   at System.Data.Entity.Internal.InternalContext.DetectChanges(Boolean force)
   at System.Data.Entity.Internal.Linq.InternalSet`1.ActOnSet(Action action, EntityState newState, Object entity, String methodName)
   at System.Data.Entity.Internal.Linq.InternalSet`1.Add(Object entity)
   at System.Data.Entity.DbSet`1.Add(TEntity entity)
   at DataAccess.CreateStudentCourses.AddCourseToStudent(String courses) in C:\Users\User\source\repos\SchoolManagementApp\DataAccess\CreateStudentCourses.cs:line 51
2020-07-18 18:12:57.0534 ERROR System.NullReferenceException: Object reference not set to an instance of an object.
   at DataAccess.CreateStudentCourses.AddCourseToStudent(String courses) in C:\Users\User\source\repos\SchoolManagementApp\DataAccess\CreateStudentCourses.cs:line 39
2020-07-18 18:12:57.6854 INFO Record Already exist
2020-07-18 18:12:59.6775 ERROR System.InvalidOperationException: The property 'CourseId' is part of the object's key information and cannot be modified. 
   at System.Data.Entity.Core.Objects.EntityEntry.DetectChangesInProperty(Int32 ordinal, Boolean detectOnlyComplexProperties, Boolean detectOnly)
   at System.Data.Entity.Core.Objects.EntityEntry.DetectChangesInProperties(Boolean detectOnlyComplexProperties)
   at System.Data.Entity.Core.Objects.ObjectStateManager.DetectChangesInScalarAndComplexProperties(IList`1 entries)
   at System.Data.Entity.Core.Objects.ObjectStateManager.DetectChanges()
   at System.Data.Entity.Core.Objects.ObjectContext.DetectChanges()
   at System.Data.Entity.Internal.InternalContext.DetectChanges(Boolean force)
   at System.Data.Entity.Internal.Linq.InternalSet`1.ActOnSet(Action action, EntityState newState, Object entity, String methodName)
   at System.Data.Entity.Internal.Linq.InternalSet`1.Add(Object entity)
   at System.Data.Entity.DbSet`1.Add(TEntity entity)
   at DataAccess.CreateStudentCourses.AddCourseToStudent(String courses) in C:\Users\User\source\repos\SchoolManagementApp\DataAccess\CreateStudentCourses.cs:line 59
2020-07-18 18:17:56.7915 ERROR System.NullReferenceException: Object reference not set to an instance of an object.
   at DataAccess.CreateStudentCourses.AddCourseToStudent(String courses) in C:\Users\User\source\repos\SchoolManagementApp\DataAccess\CreateStudentCourses.cs:line 39
2020-07-18 18:17:57.4507 INFO Record Already exist
2020-07-18 18:17:57.4850 INFO Record Already exist
2020-07-18 18:18:06.4641 ERROR System.NullReferenceException: Object reference not set to an instance of an object.
   at DataAccess.CreateStudentCourses.AddCourseToStudent(String courses) in C:\Users\User\source\repos\SchoolManagementApp\DataAccess\CreateStudentCourses.cs:line 44
2020-07-18 18:22:07.9222 ERROR System.NullReferenceException: Object reference not set to an instance of an object.
   at DataAccess.CreateStudentCourses.AddCourseToStudent(String courses) in C:\Users\User\source\repos\SchoolManagementApp\DataAccess\CreateStudentCourses.cs:line 39
2020-07-18 18:22:08.4407 INFO Record Already exist
2020-07-18 18:22:08.4670 INFO Record Already exist
2020-07-18 18:22:08.4829 INFO Record Already exist
2020-07-18 18:22:10.6491 ERROR System.NullReferenceException: Object reference not set to an instance of an object.
   at DataAccess.CreateStudentCourses.AddCourseToStudent(String courses) in C:\Users\User\source\repos\SchoolManagementApp\DataAccess\CreateStudentCourses.cs:line 44
2020-07-18 18:28:38.1104 INFO Record Already exist
2020-07-18 18:29:28.2440 INFO Record Already exist
2020-07-18 18:50:16.4061 ERROR System.NullReferenceException: Object reference not set to an instance of an object.
   at DataAccess.CreateStudentCourses.AddCourseToStudent(String courses) in C:\Users\User\source\repos\SchoolManagementApp\DataAccess\CreateStudentCourses.cs:line 39
2020-07-18 18:50:17.0394 INFO Record Already exist
2020-07-18 18:50:21.6581 ERROR System.NullReferenceException: Object reference not set to an instance of an object.
   at DataAccess.CreateStudentCourses.AddCourseToStudent(String courses) in C:\Users\User\source\repos\SchoolManagementApp\DataAccess\CreateStudentCourses.cs:line 44
2020-07-18 19:03:15.9874 ERROR System.NullReferenceException: Object reference not set to an instance of an object.
   at DataAccess.CreateStudentCourses.AddCourseToStudent(String courses) in C:\Users\User\source\repos\SchoolManagementApp\DataAccess\CreateStudentCourses.cs:line 39
2020-07-18 19:03:16.6327 INFO Record Already exist
2020-07-18 19:03:16.7204 INFO Record Already exist
2020-07-18 19:03:16.7384 INFO Record Already exist
2020-07-18 19:03:16.7554 INFO Record Already exist
2020-07-18 19:03:18.3371 ERROR System.NullReferenceException: Object reference not set to an instance of an object.
   at DataAccess.CreateStudentCourses.AddCourseToStudent(String courses) in C:\Users\User\source\repos\SchoolManagementApp\DataAccess\CreateStudentCourses.cs:line 44
2020-07-18 19:07:48.2061 ERROR System.NullReferenceException: Object reference not set to an instance of an object.
   at DataAccess.CreateStudentCourses.AddCourseToStudent(String courses) in C:\Users\User\source\repos\SchoolManagementApp\DataAccess\CreateStudentCourses.cs:line 39
2020-07-18 19:07:50.3863 ERROR System.NullReferenceException: Object reference not set to an instance of an object.
   at DataAccess.CreateStudentCourses.AddCourseToStudent(String courses) in C:\Users\User\source\repos\SchoolManagementApp\DataAccess\CreateStudentCourses.cs:line 44
2020-07-18 19:26:11.4880 INFO Record Already exist
2020-07-18 19:26:27.5920 INFO Record Already exist
2020-07-18 19:26:49.6067 INFO Record Already exist
2020-07-18 19:28:23.6662 INFO Record Already exist
2020-07-18 19:40:12.0354 INFO Record Already exist
2020-07-18 20:24:37.9091 ERROR System.NullReferenceException: Object reference not set to an instance of an object.
   at DataAccess.CreateStudentCourses.AddCourseToStudent(String courses) in C:\Users\User\source\repos\SchoolManagementApp\DataAccess\CreateStudentCourses.cs:line 39
2020-07-18 20:24:44.2545 ERROR System.NullReferenceException: Object reference not set to an instance of an object.
   at DataAccess.CreateStudentCourses.AddCourseToStudent(String courses) in C:\Users\User\source\repos\SchoolManagementApp\DataAccess\CreateStudentCourses.cs:line 46
2020-07-18 20:42:18.5628 ERROR System.NullReferenceException: Object reference not set to an instance of an object.
   at DataAccess.CreateStudentCourses.AddCourseToStudent(String courses) in C:\Users\User\source\repos\SchoolManagementApp\DataAccess\CreateStudentCourses.cs:line 39
2020-07-18 20:42:22.2897 ERROR System.NullReferenceException: Object reference not set to an instance of an object.
   at DataAccess.CreateStudentCourses.AddCourseToStudent(String courses) in C:\Users\User\source\repos\SchoolManagementApp\DataAccess\CreateStudentCourses.cs:line 46
2020-07-18 20:55:33.3739 INFO Record Already exist
2020-07-18 20:57:20.6240 INFO Record Already exist
2020-07-18 21:01:30.8160 INFO Record Already exist
2020-07-18 21:03:12.4267 INFO Record Already exist
2020-07-18 21:03:12.4915 INFO Record Already exist
2020-07-18 21:04:03.0532 INFO Record Already exist
2020-07-18 21:08:23.3348 INFO Record Already exist
2020-07-18 21:17:31.8356 INFO Record Already exist
2020-07-18 21:17:51.0820 INFO Record Already exist
2020-07-18 21:24:46.5543 INFO Record Already exist
2020-07-18 21:25:32.6027 INFO Record Already exist
2020-07-18 21:27:44.7907 INFO Record Already exist
2020-07-18 21:31:15.5398 INFO Record Already exist
2020-07-18 21:32:34.4885 INFO Record Already exist
2020-07-18 21:37:52.2284 INFO Record Already exist
2020-07-18 21:39:32.8030 INFO Record Already exist
2020-07-18 21:40:56.7295 INFO Record Already exist
2020-07-18 21:41:15.7730 INFO Record Already exist
2020-07-18 21:41:15.7841 INFO Record Already exist
2020-07-18 21:42:28.2874 INFO Record Already exist
2020-07-18 21:43:17.1937 INFO Record Already exist
2020-07-18 21:43:17.2047 INFO Record Already exist
2020-07-18 21:46:46.0851 INFO Record Already exist
2020-07-18 21:46:54.3620 INFO Record Already exist
2020-07-18 21:46:54.3835 INFO Record Already exist
2020-07-18 21:47:05.0876 INFO Record Already exist
2020-07-18 21:47:05.1061 INFO Record Already exist
2020-07-18 21:47:13.9373 INFO Record Already exist
2020-07-18 21:47:13.9531 INFO Record Already exist
2020-07-18 21:47:13.9641 INFO Record Already exist
2020-07-18 21:48:26.0971 INFO Record Already exist
2020-07-18 21:48:26.1180 INFO Record Already exist
2020-07-18 21:51:31.0194 INFO Record Already exist
2020-07-18 21:51:31.1517 INFO Record Already exist
2020-07-18 21:52:01.7835 INFO Record Already exist
2020-07-18 21:52:01.7935 INFO Record Already exist
2020-07-18 21:52:01.7935 INFO Record Already exist
2020-07-18 21:55:28.2709 INFO Record Already exist
2020-07-18 21:56:05.7871 INFO Record Already exist
2020-07-18 21:56:05.8020 INFO Record Already exist
2020-07-18 21:56:05.8159 INFO Record Already exist
2020-07-18 22:00:24.1682 INFO Record Already exist
2020-07-18 22:04:01.7717 INFO Record Already exist
2020-07-18 22:05:10.7592 INFO Record Already exist
2020-07-18 22:05:10.7731 INFO Record Already exist
2020-07-18 22:05:45.7039 INFO Record Already exist
2020-07-18 22:05:45.7272 INFO Record Already exist
2020-07-18 22:09:53.5894 INFO Record Already exist
2020-07-18 22:14:19.9705 INFO Record Already exist
2020-07-18 22:14:20.1563 INFO Record Already exist
2020-07-18 22:16:21.3803 INFO Record Already exist
2020-07-18 22:17:53.5674 INFO Record Already exist
2020-07-18 22:19:26.5196 INFO Record Already exist
2020-07-18 22:19:26.5645 INFO Record Already exist
2020-07-18 22:19:33.1930 INFO Record Already exist
2020-07-18 22:19:33.2065 INFO Record Already exist
2020-07-18 22:19:47.0892 INFO Record Already exist
2020-07-18 22:20:10.4277 INFO Record Already exist
2020-07-18 22:20:10.4420 INFO Record Already exist
2020-07-18 22:20:42.7868 INFO Record Already exist
2020-07-18 22:21:39.1699 INFO Record Already exist
2020-07-18 22:21:47.7152 INFO Record Already exist
